Using pre-set license
Built from '2020.3/staging' branch; Version is '2020.3.20f1 (41c4e627c95f) revision 4310246'; Using compiler version '192528614'; Build Type 'Release'
OS: 'Windows 10 Pro; OS build 19044.2006; Version 2009; 64bit' Language: 'en' Physical Memory: 32717 MB
BatchMode: 1, IsHumanControllingUs: 0, StartBugReporterOnCrash: 0, Is64bit: 1, IsPro: 0

COMMAND LINE ARGUMENTS:
C:\Program Files\Unity\Hub\Editor\2020.3.20f1\Editor\Unity.exe
-adb2
-batchMode
-noUpm
-name
AssetImportWorker0
-projectPath
E:/Unity/Project/My project (1)
-logFile
Logs/AssetImportWorker0.log
-srvPort
50439
Successfully changed project path to: E:/Unity/Project/My project (1)
E:/Unity/Project/My project (1)
Using Asset Import Pipeline V2.
Refreshing native plugins compatible for Editor in 168.01 ms, found 2 plugins.
Preloading 0 native plugins for Editor in 0.00 ms.
Initialize engine version: 2020.3.20f1 (41c4e627c95f)
[Subsystems] Discovering subsystems at path C:/Program Files/Unity/Hub/Editor/2020.3.20f1/Editor/Data/Resources/UnitySubsystems
[Subsystems] Discovering subsystems at path E:/Unity/Project/My project (1)/Assets
GfxDevice: creating device client; threaded=0
Direct3D:
    Version:  Direct3D 11.0 [level 11.1]
    Renderer: NVIDIA GeForce GTX 1080 (ID=0x1b80)
    Vendor:   
    VRAM:     8079 MB
    Driver:   30.0.15.1215
Initialize mono
Mono path[0] = 'C:/Program Files/Unity/Hub/Editor/2020.3.20f1/Editor/Data/Managed'
Mono path[1] = 'C:/Program Files/Unity/Hub/Editor/2020.3.20f1/Editor/Data/MonoBleedingEdge/lib/mono/unityjit'
Mono config path = 'C:/Program Files/Unity/Hub/Editor/2020.3.20f1/Editor/Data/MonoBleedingEdge/etc'
Using monoOptions --debugger-agent=transport=dt_socket,embedding=1,server=y,suspend=n,address=127.0.0.1:56920
Begin MonoManager ReloadAssembly
Registering precompiled unity dll's ...
Register platform support module: C:/Program Files/Unity/Hub/Editor/2020.3.20f1/Editor/Data/PlaybackEngines/WindowsStandaloneSupport/UnityEditor.WindowsStandalone.Extensions.dll
Registered in 0.167406 seconds.
Native extension for WindowsStandalone target not found
Refreshing native plugins compatible for Editor in 86.22 ms, found 2 plugins.
Preloading 0 native plugins for Editor in 0.00 ms.
Mono: successfully reloaded assembly
- Completed reload, in  5.031 seconds
Domain Reload Profiling:
	ReloadAssembly (5031ms)
		BeginReloadAssembly (2960ms)
			ExecutionOrderSort (0ms)
			DisableScriptedObjects (0ms)
			BackupInstance (0ms)
			ReleaseScriptingObjects (0ms)
			CreateAndSetChildDomain (1ms)
		EndReloadAssembly (849ms)
			LoadAssemblies (2961ms)
			RebuildTransferFunctionScriptingTraits (0ms)
			SetupTypeCache (510ms)
			ReleaseScriptCaches (0ms)
			RebuildScriptCaches (30ms)
			SetupLoadedEditorAssemblies (218ms)
				LogAssemblyErrors (0ms)
				InitializePlatformSupportModulesInManaged (4ms)
				SetLoadedEditorAssemblies (0ms)
				RefreshPlugins (86ms)
				BeforeProcessingInitializeOnLoad (16ms)
				ProcessInitializeOnLoadAttributes (81ms)
				ProcessInitializeOnLoadMethodAttributes (30ms)
				AfterProcessingInitializeOnLoad (0ms)
				EditorAssembliesLoaded (0ms)
			ExecutionOrderSort2 (0ms)
			AwakeInstancesAfterBackupRestoration (0ms)
Platform modules already initialized, skipping
Registering precompiled user dll's ...
Registered in 0.648507 seconds.
Begin MonoManager ReloadAssembly
Symbol file LoadedFromMemory is not a mono symbol file
Error: Could not load signature of Unity.UI.Builder.BuilderTextShadow:.ctor due to: Could not resolve type with token 010000e9 (from typeref, class/assembly UnityEngine.UIElements.StyleTextShadow, UnityEngine.UIElementsModule, Version=1.0.0.0, Culture=neutral, PublicKeyToken=null) assembly:UnityEngine.UIElementsModule, Version=1.0.0.0, Culture=neutral, PublicKeyToken=null type:UnityEngine.UIElements.StyleTextShadow member:(null) signature:<none>
The scripted importer 'UIElementsViewImporter' attempted to register file type '.uxml', which is handled by a native Unity importer. Registration rejected.
UnityEngine.StackTraceUtility:ExtractStackTrace ()
UnityEditor.AssetImporters.ScriptedImporter:RegisterScriptedImporters ()

[C:\buildslave\unity\build\Modules/AssetDatabase/Editor/Public/ImporterRegistry.cpp line 245]

The scripted importer 'StyleSheetImporter' attempted to register file type '.uss', which is handled by a native Unity importer. Registration rejected.
UnityEngine.StackTraceUtility:ExtractStackTrace ()
UnityEditor.AssetImporters.ScriptedImporter:RegisterScriptedImporters ()

[C:\buildslave\unity\build\Modules/AssetDatabase/Editor/Public/ImporterRegistry.cpp line 245]

The scripted importer 'ThemeStyleSheetImporter' attempted to register file type '.tss', which is handled by a native Unity importer. Registration rejected.
UnityEngine.StackTraceUtility:ExtractStackTrace ()
UnityEditor.AssetImporters.ScriptedImporter:RegisterScriptedImporters ()

[C:\buildslave\unity\build\Modules/AssetDatabase/Editor/Public/ImporterRegistry.cpp line 245]

ArgumentException: An item with the same key has already been added. Key: UnityEditor.UIElements.EditorAtlasMonitorInjector
Parameter name: key
  at System.Collections.Generic.SortedList`2[TKey,TValue].Add (TKey key, TValue value) [0x00041] in <0463b2ef957545c0a51b42f372cd4fbb>:0 
  at UnityEditor.AssetPostprocessingInternal.GetTextureProcessorsHashString () [0x000a2] in <83a38f5397d94e36a22efa3369c82390>:0 
UnityEngine.DebugLogHandler:Internal_LogException(Exception, Object)
UnityEngine.DebugLogHandler:LogException(Exception, Object)
UnityEngine.Logger:LogException(Exception, Object)
UnityEngine.Debug:LogException(Exception)
UnityEditor.AssetPostprocessingInternal:GetTextureProcessorsHashString()

Unloading broken assembly Library/ScriptAssemblies/UnityEditor.UIBuilderModule.dll, this assembly can cause crashes in the runtime
Native extension for WindowsStandalone target not found
Refreshing native plugins compatible for Editor in 94.62 ms, found 2 plugins.
Preloading 0 native plugins for Editor in 0.00 ms.
ASSEMBLY OVERRIDES: * override found for Unity assembly UnityEngine.UIElementsModule.dll (override path Library/ScriptAssemblies/UnityEngine.UIElementsModule.dll)
ASSEMBLY OVERRIDES: * override found for Unity assembly UnityEditor.UIElementsModule.dll (override path Library/ScriptAssemblies/UnityEditor.UIElementsModule.dll)
System.Reflection.TargetInvocationException: Exception has been thrown by the target of an invocation. ---> UnityEngine.UnityException: The MakeClientFunc has already been registered. Registration denied.
  at UnityEngine.UIElements.DragAndDropUtility.RegisterMakeClientFunc (System.Func`1[TResult] makeClient) [0x00017] in <4c8a9874288b4fb78fa7fdbcd8065b00>:0 
  at UnityEditor.UIElements.EditorDragAndDrop.RegisterEditorClient () [0x0000a] in <1ada6c7052bb42378c5ec1bd01fc4723>:0 
  at (wrapper managed-to-native) System.Reflection.MonoMethod.InternalInvoke(System.Reflection.MonoMethod,object,object[],System.Exception&)
  at System.Reflection.MonoMethod.Invoke (System.Object obj, System.Reflection.BindingFlags invokeAttr, System.Reflection.Binder binder, System.Object[] parameters, System.Globalization.CultureInfo culture) [0x00032] in <695d1cc93cca45069c528c15c9fdd749>:0 
   --- End of inner exception stack trace ---
  at System.Reflection.MonoMethod.Invoke (System.Object obj, System.Reflection.BindingFlags invokeAttr, System.Reflection.Binder binder, System.Object[] parameters, System.Globalization.CultureInfo culture) [0x00048] in <695d1cc93cca45069c528c15c9fdd749>:0 
  at System.Reflection.MethodBase.Invoke (System.Object obj, System.Object[] parameters) [0x00000] in <695d1cc93cca45069c528c15c9fdd749>:0 
  at UnityEditor.EditorAssemblies.ProcessInitializeOnLoadMethodAttributes () [0x00047] in <83a38f5397d94e36a22efa3369c82390>:0 
UnityEngine.StackTraceUtility:ExtractStackTrace ()
UnityEngine.DebugLogHandler:LogFormat (UnityEngine.LogType,UnityEngine.Object,string,object[])
UnityEngine.Logger:Log (UnityEngine.LogType,object)
UnityEngine.Debug:LogError (object)
UnityEditor.EditorAssemblies:ProcessInitializeOnLoadMethodAttributes ()

ASSEMBLY OVERRIDES: * override found for Unity assembly UnityEngine.UIElementsModule.dll (override path Library/ScriptAssemblies/UnityEngine.UIElementsModule.dll)
ASSEMBLY OVERRIDES: * override found for Unity assembly UnityEditor.UIElementsModule.dll (override path Library/ScriptAssemblies/UnityEditor.UIElementsModule.dll)
Mono: successfully reloaded assembly
- Completed reload, in  5.156 seconds
Domain Reload Profiling:
	ReloadAssembly (5161ms)
		BeginReloadAssembly (176ms)
			ExecutionOrderSort (0ms)
			DisableScriptedObjects (4ms)
			BackupInstance (0ms)
			ReleaseScriptingObjects (0ms)
			CreateAndSetChildDomain (23ms)
		EndReloadAssembly (4921ms)
			LoadAssemblies (2989ms)
			RebuildTransferFunctionScriptingTraits (0ms)
			SetupTypeCache (1025ms)
			ReleaseScriptCaches (1ms)
			RebuildScriptCaches (54ms)
			SetupLoadedEditorAssemblies (711ms)
				LogAssemblyErrors (0ms)
				InitializePlatformSupportModulesInManaged (4ms)
				SetLoadedEditorAssemblies (0ms)
				RefreshPlugins (95ms)
				BeforeProcessingInitializeOnLoad (120ms)
				ProcessInitializeOnLoadAttributes (472ms)
				ProcessInitializeOnLoadMethodAttributes (10ms)
				AfterProcessingInitializeOnLoad (10ms)
				EditorAssembliesLoaded (0ms)
			ExecutionOrderSort2 (0ms)
			AwakeInstancesAfterBackupRestoration (6ms)
Platform modules already initialized, skipping
========================================================================
Worker process is ready to serve import requests
Launched and connected shader compiler UnityShaderCompiler.exe after 0.11 seconds
Refreshing native plugins compatible for Editor in 1.56 ms, found 2 plugins.
Preloading 0 native plugins for Editor in 0.00 ms.
Unloading 3405 Unused Serialized files (Serialized files now loaded: 0)
System memory in use before: 157.6 MB.
System memory in use after: 157.8 MB.

Unloading 19 unused Assets to reduce memory usage. Loaded Objects now: 3856.
Total: 5.038100 ms (FindLiveObjects: 0.600900 ms CreateObjectMapping: 0.278500 ms MarkObjects: 4.011600 ms  DeleteObjects: 0.145000 ms)

AssetImportParameters requested are different than current active one (requested -> active):
  custom:framework-win-MediaFoundation: 216162199b28c13a410421893ffa2e32 -> 
  custom:video-decoder-ogg-theora: a1e56fd34408186e4bbccfd4996cb3dc -> 
  custom:container-muxer-webm: aa71ff27fc2769a1b78a27578f13a17b -> 
  custom:container-demuxer-webm: 4f35f7cbe854078d1ac9338744f61a02 -> 
  custom:container-demuxer-ogg: 62fdf1f143b41e24485cea50d1cbac27 -> 
  custom:video-encoder-webm-vp8: eb34c28f22e8b96e1ab97ce403110664 -> 
  custom:video-codec-MediaFoundation-h265: 746d11721c4dcdbdad8f713fa42b33f4 -> 
  custom:video-decoder-webm-vp8: 9c59270c3fd7afecdb556c50c9e8de78 -> 
  custom:audio-decoder-ogg-vorbis: bf7c407c2cedff20999df2af8eb42d56 -> 
  custom:audio-encoder-webm-vorbis: bf7c407c2cedff20999df2af8eb42d56 -> 
========================================================================
Received Import Request.
  path: ProjectSettings/TagManager.asset
  artifactKey: Guid(00000000000000003000000000000000) Importer(815301076,1909f56bfc062723c751e8b465ee728b)
Start importing ProjectSettings/TagManager.asset using Guid(00000000000000003000000000000000) Importer(815301076,1909f56bfc062723c751e8b465ee728b)  -> (artifact id: 'fc42e30003074059bef8fb59cba1b257') in 0.075457 seconds 
  Import took 0.118187 seconds .

========================================================================
Received Prepare
Registering precompiled user dll's ...
Registered in 0.036020 seconds.
ASSEMBLY OVERRIDES: * override found for Unity assembly UnityEngine.UIElementsModule.dll (override path Library/ScriptAssemblies/UnityEngine.UIElementsModule.dll)
ASSEMBLY OVERRIDES: * override found for Unity assembly UnityEditor.UIElementsModule.dll (override path Library/ScriptAssemblies/UnityEditor.UIElementsModule.dll)
Begin MonoManager ReloadAssembly
Symbol file LoadedFromMemory is not a mono symbol file
Error: Could not load signature of Unity.UI.Builder.BuilderTextShadow:.ctor due to: Could not resolve type with token 010000e9 (from typeref, class/assembly UnityEngine.UIElements.StyleTextShadow, UnityEngine.UIElementsModule, Version=1.0.0.0, Culture=neutral, PublicKeyToken=null) assembly:UnityEngine.UIElementsModule, Version=1.0.0.0, Culture=neutral, PublicKeyToken=null type:UnityEngine.UIElements.StyleTextShadow member:(null) signature:<none>
The scripted importer 'UIElementsViewImporter' attempted to register file type '.uxml', which is handled by a native Unity importer. Registration rejected.
UnityEngine.StackTraceUtility:ExtractStackTrace ()
UnityEditor.AssetImporters.ScriptedImporter:RegisterScriptedImporters ()

[C:\buildslave\unity\build\Modules/AssetDatabase/Editor/Public/ImporterRegistry.cpp line 245]

The scripted importer 'StyleSheetImporter' attempted to register file type '.uss', which is handled by a native Unity importer. Registration rejected.
UnityEngine.StackTraceUtility:ExtractStackTrace ()
UnityEditor.AssetImporters.ScriptedImporter:RegisterScriptedImporters ()

[C:\buildslave\unity\build\Modules/AssetDatabase/Editor/Public/ImporterRegistry.cpp line 245]

The scripted importer 'ThemeStyleSheetImporter' attempted to register file type '.tss', which is handled by a native Unity importer. Registration rejected.
UnityEngine.StackTraceUtility:ExtractStackTrace ()
UnityEditor.AssetImporters.ScriptedImporter:RegisterScriptedImporters ()

[C:\buildslave\unity\build\Modules/AssetDatabase/Editor/Public/ImporterRegistry.cpp line 245]

Unloading broken assembly Library/ScriptAssemblies/UnityEditor.UIBuilderModule.dll, this assembly can cause crashes in the runtime
Native extension for WindowsStandalone target not found
Refreshing native plugins compatible for Editor in 0.86 ms, found 2 plugins.
Preloading 0 native plugins for Editor in 0.00 ms.
ASSEMBLY OVERRIDES: * override found for Unity assembly UnityEngine.UIElementsModule.dll (override path Library/ScriptAssemblies/UnityEngine.UIElementsModule.dll)
ASSEMBLY OVERRIDES: * override found for Unity assembly UnityEditor.UIElementsModule.dll (override path Library/ScriptAssemblies/UnityEditor.UIElementsModule.dll)
System.Reflection.TargetInvocationException: Exception has been thrown by the target of an invocation. ---> UnityEngine.UnityException: The MakeClientFunc has already been registered. Registration denied.
  at UnityEngine.UIElements.DragAndDropUtility.RegisterMakeClientFunc (System.Func`1[TResult] makeClient) [0x00017] in <4c8a9874288b4fb78fa7fdbcd8065b00>:0 
  at UnityEditor.UIElements.EditorDragAndDrop.RegisterEditorClient () [0x0000a] in <1ada6c7052bb42378c5ec1bd01fc4723>:0 
  at (wrapper managed-to-native) System.Reflection.MonoMethod.InternalInvoke(System.Reflection.MonoMethod,object,object[],System.Exception&)
  at System.Reflection.MonoMethod.Invoke (System.Object obj, System.Reflection.BindingFlags invokeAttr, System.Reflection.Binder binder, System.Object[] parameters, System.Globalization.CultureInfo culture) [0x00032] in <695d1cc93cca45069c528c15c9fdd749>:0 
   --- End of inner exception stack trace ---
  at System.Reflection.MonoMethod.Invoke (System.Object obj, System.Reflection.BindingFlags invokeAttr, System.Reflection.Binder binder, System.Object[] parameters, System.Globalization.CultureInfo culture) [0x00048] in <695d1cc93cca45069c528c15c9fdd749>:0 
  at System.Reflection.MethodBase.Invoke (System.Object obj, System.Object[] parameters) [0x00000] in <695d1cc93cca45069c528c15c9fdd749>:0 
  at UnityEditor.EditorAssemblies.ProcessInitializeOnLoadMethodAttributes () [0x00047] in <83a38f5397d94e36a22efa3369c82390>:0 
UnityEngine.StackTraceUtility:ExtractStackTrace ()
UnityEngine.DebugLogHandler:LogFormat (UnityEngine.LogType,UnityEngine.Object,string,object[])
UnityEngine.Logger:Log (UnityEngine.LogType,object)
UnityEngine.Debug:LogError (object)
UnityEditor.EditorAssemblies:ProcessInitializeOnLoadMethodAttributes ()

ASSEMBLY OVERRIDES: * override found for Unity assembly UnityEngine.UIElementsModule.dll (override path Library/ScriptAssemblies/UnityEngine.UIElementsModule.dll)
ASSEMBLY OVERRIDES: * override found for Unity assembly UnityEditor.UIElementsModule.dll (override path Library/ScriptAssemblies/UnityEditor.UIElementsModule.dll)
Mono: successfully reloaded assembly
ArgumentException: An item with the same key has already been added. Key: UnityEditor.UIElements.EditorAtlasMonitorInjector
Parameter name: key
  at System.Collections.Generic.SortedList`2[TKey,TValue].Add (TKey key, TValue value) [0x00041] in <0463b2ef957545c0a51b42f372cd4fbb>:0 
  at UnityEditor.AssetPostprocessingInternal.GetTextureProcessorsHashString () [0x000a2] in <83a38f5397d94e36a22efa3369c82390>:0 
UnityEngine.DebugLogHandler:Internal_LogException(Exception, Object)
UnityEngine.DebugLogHandler:LogException(Exception, Object)
UnityEngine.Logger:LogException(Exception, Object)
UnityEngine.Debug:LogException(Exception)
UnityEditor.AssetPostprocessingInternal:GetTextureProcessorsHashString()

- Completed reload, in  1.419 seconds
Domain Reload Profiling:
	ReloadAssembly (1420ms)
		BeginReloadAssembly (159ms)
			ExecutionOrderSort (0ms)
			DisableScriptedObjects (12ms)
			BackupInstance (0ms)
			ReleaseScriptingObjects (0ms)
			CreateAndSetChildDomain (41ms)
		EndReloadAssembly (1195ms)
			LoadAssemblies (150ms)
			RebuildTransferFunctionScriptingTraits (0ms)
			SetupTypeCache (381ms)
			ReleaseScriptCaches (1ms)
			RebuildScriptCaches (106ms)
			SetupLoadedEditorAssemblies (407ms)
				LogAssemblyErrors (0ms)
				InitializePlatformSupportModulesInManaged (5ms)
				SetLoadedEditorAssemblies (1ms)
				RefreshPlugins (1ms)
				BeforeProcessingInitializeOnLoad (133ms)
				ProcessInitializeOnLoadAttributes (244ms)
				ProcessInitializeOnLoadMethodAttributes (13ms)
				AfterProcessingInitializeOnLoad (11ms)
				EditorAssembliesLoaded (0ms)
			ExecutionOrderSort2 (0ms)
			AwakeInstancesAfterBackupRestoration (9ms)
Platform modules already initialized, skipping
Refreshing native plugins compatible for Editor in 0.86 ms, found 2 plugins.
Preloading 0 native plugins for Editor in 0.00 ms.
Unloading 3284 Unused Serialized files (Serialized files now loaded: 0)
System memory in use before: 149.3 MB.
System memory in use after: 149.5 MB.

Unloading 15 unused Assets to reduce memory usage. Loaded Objects now: 3858.
Total: 3.291700 ms (FindLiveObjects: 0.318000 ms CreateObjectMapping: 0.176600 ms MarkObjects: 2.696200 ms  DeleteObjects: 0.099400 ms)

AssetImportParameters requested are different than current active one (requested -> active):
  custom:framework-win-MediaFoundation: 216162199b28c13a410421893ffa2e32 -> 
  custom:video-decoder-ogg-theora: a1e56fd34408186e4bbccfd4996cb3dc -> 
  custom:container-muxer-webm: aa71ff27fc2769a1b78a27578f13a17b -> 
  custom:container-demuxer-webm: 4f35f7cbe854078d1ac9338744f61a02 -> 
  custom:container-demuxer-ogg: 62fdf1f143b41e24485cea50d1cbac27 -> 
  custom:video-encoder-webm-vp8: eb34c28f22e8b96e1ab97ce403110664 -> 
  custom:video-codec-MediaFoundation-h265: 746d11721c4dcdbdad8f713fa42b33f4 -> 
  custom:video-decoder-webm-vp8: 9c59270c3fd7afecdb556c50c9e8de78 -> 
  custom:audio-decoder-ogg-vorbis: bf7c407c2cedff20999df2af8eb42d56 -> 
  custom:audio-encoder-webm-vorbis: bf7c407c2cedff20999df2af8eb42d56 -> 
AssetImportWorkerClient::OnTransportError - code=2 error=End of file
